<?xml version="1.0" encoding="UTF-8"?>
<?totaltestVersion 19.3.2.v20190211-1724_163?>
<!--Topaz for Total Test 19.3.2.v20190211-1724_163 Feb 19, 2019 10:25:13 AM-->
<testsuites>
  <testsuite errors="0" failures="0" name="CWKTVSKS_Pipeline.CWKTVSKS_Scenario.00001: CWKTVSKSCase1" tests="4">
    <testcase classname="CWKTVSKS_Pipeline.CWKTVSKS_Scenario.00001: CWKTVSKSCase1" name="00001: Check for PARM_LTH"/>
    <testcase classname="CWKTVSKS_Pipeline.CWKTVSKS_Scenario.00001: CWKTVSKSCase1" name="00002: Check for PARM_DATA"/>
    <testcase classname="CWKTVSKS_Pipeline.CWKTVSKS_Scenario.00001: CWKTVSKSCase1" name="00003: Check for GRAND_TOTAL"/>
    <testcase classname="CWKTVSKS_Pipeline.CWKTVSKS_Scenario.00001: CWKTVSKSCase1" name="00004: Check for TOTAL_RECORD"/>
  </testsuite>
  <testsuite errors="0" failures="0" name="CWKTVSKS_Pipeline.CWKTVSKS_Scenario.00001: CWKTVSKSCase1.CWKTVSKS_RPTFILE_FILE_01.00001: RPTFILE assertion" tests="1">
    <testcase classname="CWKTVSKS_Pipeline.CWKTVSKS_Scenario.00001: CWKTVSKSCase1.CWKTVSKS_RPTFILE_FILE_01.00001: RPTFILE assertion" name="00001: Check for BLANK_LINE"/>
  </testsuite>
  <testsuite errors="0" failures="0" name="CWKTVSKS_Pipeline.CWKTVSKS_Scenario.00001: CWKTVSKSCase1.CWKTVSKS_RPTFILE_FILE_01.00002: RPTFILE assertion" tests="2">
    <testcase classname="CWKTVSKS_Pipeline.CWKTVSKS_Scenario.00001: CWKTVSKSCase1.CWKTVSKS_RPTFILE_FILE_01.00002: RPTFILE assertion" name="00001: Check for BLANK_LINE"/>
  </testsuite>
  <testsuite errors="0" failures="0" name="CWKTVSKS_Pipeline.CWKTVSKS_Scenario.00001: CWKTVSKSCase1.CWKTVSKS_RPTFILE_FILE_01.00003: RPTFILE assertion" tests="3">
    <testcase classname="CWKTVSKS_Pipeline.CWKTVSKS_Scenario.00001: CWKTVSKSCase1.CWKTVSKS_RPTFILE_FILE_01.00003: RPTFILE assertion" name="00001: Check for BLANK_LINE"/>
  </testsuite>
  <testsuite errors="0" failures="0" name="CWKTVSKS_Pipeline.CWKTVSKS_Scenario.00001: CWKTVSKSCase1.CWKTVSKS_RPTFILE_FILE_01.00004: RPTFILE assertion" tests="15">
    <testcase classname="CWKTVSKS_Pipeline.CWKTVSKS_Scenario.00001: CWKTVSKSCase1.CWKTVSKS_RPTFILE_FILE_01.00004: RPTFILE assertion" name="00001: Check for FILLER0"/>
    <testcase classname="CWKTVSKS_Pipeline.CWKTVSKS_Scenario.00001: CWKTVSKSCase1.CWKTVSKS_RPTFILE_FILE_01.00004: RPTFILE assertion" name="00002: Check for FILLER1"/>
    <testcase classname="CWKTVSKS_Pipeline.CWKTVSKS_Scenario.00001: CWKTVSKSCase1.CWKTVSKS_RPTFILE_FILE_01.00004: RPTFILE assertion" name="00003: Check for EMP_RUN_MM"/>
    <testcase classname="CWKTVSKS_Pipeline.CWKTVSKS_Scenario.00001: CWKTVSKSCase1.CWKTVSKS_RPTFILE_FILE_01.00004: RPTFILE assertion" name="00004: Check for FILLER2"/>
    <testcase classname="CWKTVSKS_Pipeline.CWKTVSKS_Scenario.00001: CWKTVSKSCase1.CWKTVSKS_RPTFILE_FILE_01.00004: RPTFILE assertion" name="00005: Check for EMP_RUN_DD"/>
    <testcase classname="CWKTVSKS_Pipeline.CWKTVSKS_Scenario.00001: CWKTVSKSCase1.CWKTVSKS_RPTFILE_FILE_01.00004: RPTFILE assertion" name="00006: Check for FILLER3"/>
    <testcase classname="CWKTVSKS_Pipeline.CWKTVSKS_Scenario.00001: CWKTVSKSCase1.CWKTVSKS_RPTFILE_FILE_01.00004: RPTFILE assertion" name="00007: Check for EMP_RUN_YY"/>
    <testcase classname="CWKTVSKS_Pipeline.CWKTVSKS_Scenario.00001: CWKTVSKSCase1.CWKTVSKS_RPTFILE_FILE_01.00004: RPTFILE assertion" name="00008: Check for FILLER4"/>
    <testcase classname="CWKTVSKS_Pipeline.CWKTVSKS_Scenario.00001: CWKTVSKSCase1.CWKTVSKS_RPTFILE_FILE_01.00004: RPTFILE assertion" name="00009: Check for FILLER5"/>
    <testcase classname="CWKTVSKS_Pipeline.CWKTVSKS_Scenario.00001: CWKTVSKSCase1.CWKTVSKS_RPTFILE_FILE_01.00004: RPTFILE assertion" name="00010: Check for FILLER6"/>
    <testcase classname="CWKTVSKS_Pipeline.CWKTVSKS_Scenario.00001: CWKTVSKSCase1.CWKTVSKS_RPTFILE_FILE_01.00004: RPTFILE assertion" name="00011: Check for FILLER7"/>
    <testcase classname="CWKTVSKS_Pipeline.CWKTVSKS_Scenario.00001: CWKTVSKSCase1.CWKTVSKS_RPTFILE_FILE_01.00004: RPTFILE assertion" name="00012: Check for EMP_PAGE"/>
  </testsuite>
  <testsuite errors="0" failures="0" name="CWKTVSKS_Pipeline.CWKTVSKS_Scenario.00001: CWKTVSKSCase1.CWKTVSKS_RPTFILE_FILE_01.00005: RPTFILE assertion" tests="16">
    <testcase classname="CWKTVSKS_Pipeline.CWKTVSKS_Scenario.00001: CWKTVSKSCase1.CWKTVSKS_RPTFILE_FILE_01.00005: RPTFILE assertion" name="00001: Check for BLANK_LINE"/>
  </testsuite>
  <testsuite errors="0" failures="0" name="CWKTVSKS_Pipeline.CWKTVSKS_Scenario.00001: CWKTVSKSCase1.CWKTVSKS_RPTFILE_FILE_01.00006: RPTFILE assertion" tests="17">
    <testcase classname="CWKTVSKS_Pipeline.CWKTVSKS_Scenario.00001: CWKTVSKSCase1.CWKTVSKS_RPTFILE_FILE_01.00006: RPTFILE assertion" name="00001: Check for BLANK_LINE"/>
  </testsuite>
  <testsuite errors="0" failures="0" name="CWKTVSKS_Pipeline.CWKTVSKS_Scenario.00001: CWKTVSKSCase1.CWKTVSKS_RPTFILE_FILE_01.00007: RPTFILE assertion" tests="22">
    <testcase classname="CWKTVSKS_Pipeline.CWKTVSKS_Scenario.00001: CWKTVSKSCase1.CWKTVSKS_RPTFILE_FILE_01.00007: RPTFILE assertion" name="00001: Check for FILLER0"/>
    <testcase classname="CWKTVSKS_Pipeline.CWKTVSKS_Scenario.00001: CWKTVSKSCase1.CWKTVSKS_RPTFILE_FILE_01.00007: RPTFILE assertion" name="00002: Check for FILLER1"/>
    <testcase classname="CWKTVSKS_Pipeline.CWKTVSKS_Scenario.00001: CWKTVSKSCase1.CWKTVSKS_RPTFILE_FILE_01.00007: RPTFILE assertion" name="00003: Check for FILLER2"/>
    <testcase classname="CWKTVSKS_Pipeline.CWKTVSKS_Scenario.00001: CWKTVSKSCase1.CWKTVSKS_RPTFILE_FILE_01.00007: RPTFILE assertion" name="00004: Check for FILLER3"/>
    <testcase classname="CWKTVSKS_Pipeline.CWKTVSKS_Scenario.00001: CWKTVSKSCase1.CWKTVSKS_RPTFILE_FILE_01.00007: RPTFILE assertion" name="00005: Check for FILLER4"/>
  </testsuite>
  <testsuite errors="0" failures="0" name="CWKTVSKS_Pipeline.CWKTVSKS_Scenario.00001: CWKTVSKSCase1.CWKTVSKS_RPTFILE_FILE_01.00008: RPTFILE assertion" tests="40">
    <testcase classname="CWKTVSKS_Pipeline.CWKTVSKS_Scenario.00001: CWKTVSKSCase1.CWKTVSKS_RPTFILE_FILE_01.00008: RPTFILE assertion" name="00001: Check for FILLER0"/>
    <testcase classname="CWKTVSKS_Pipeline.CWKTVSKS_Scenario.00001: CWKTVSKSCase1.CWKTVSKS_RPTFILE_FILE_01.00008: RPTFILE assertion" name="00002: Check for FILLER1"/>
    <testcase classname="CWKTVSKS_Pipeline.CWKTVSKS_Scenario.00001: CWKTVSKSCase1.CWKTVSKS_RPTFILE_FILE_01.00008: RPTFILE assertion" name="00003: Check for FILLER2"/>
    <testcase classname="CWKTVSKS_Pipeline.CWKTVSKS_Scenario.00001: CWKTVSKSCase1.CWKTVSKS_RPTFILE_FILE_01.00008: RPTFILE assertion" name="00004: Check for FILLER3"/>
    <testcase classname="CWKTVSKS_Pipeline.CWKTVSKS_Scenario.00001: CWKTVSKSCase1.CWKTVSKS_RPTFILE_FILE_01.00008: RPTFILE assertion" name="00005: Check for FILLER4"/>
    <testcase classname="CWKTVSKS_Pipeline.CWKTVSKS_Scenario.00001: CWKTVSKSCase1.CWKTVSKS_RPTFILE_FILE_01.00008: RPTFILE assertion" name="00006: Check for FILLER5"/>
    <testcase classname="CWKTVSKS_Pipeline.CWKTVSKS_Scenario.00001: CWKTVSKSCase1.CWKTVSKS_RPTFILE_FILE_01.00008: RPTFILE assertion" name="00007: Check for FILLER6"/>
    <testcase classname="CWKTVSKS_Pipeline.CWKTVSKS_Scenario.00001: CWKTVSKSCase1.CWKTVSKS_RPTFILE_FILE_01.00008: RPTFILE assertion" name="00008: Check for FILLER7"/>
    <testcase classname="CWKTVSKS_Pipeline.CWKTVSKS_Scenario.00001: CWKTVSKSCase1.CWKTVSKS_RPTFILE_FILE_01.00008: RPTFILE assertion" name="00009: Check for FILLER8"/>
    <testcase classname="CWKTVSKS_Pipeline.CWKTVSKS_Scenario.00001: CWKTVSKSCase1.CWKTVSKS_RPTFILE_FILE_01.00008: RPTFILE assertion" name="00010: Check for FILLER9"/>
    <testcase classname="CWKTVSKS_Pipeline.CWKTVSKS_Scenario.00001: CWKTVSKSCase1.CWKTVSKS_RPTFILE_FILE_01.00008: RPTFILE assertion" name="00011: Check for FILLER10"/>
    <testcase classname="CWKTVSKS_Pipeline.CWKTVSKS_Scenario.00001: CWKTVSKSCase1.CWKTVSKS_RPTFILE_FILE_01.00008: RPTFILE assertion" name="00012: Check for FILLER11"/>
    <testcase classname="CWKTVSKS_Pipeline.CWKTVSKS_Scenario.00001: CWKTVSKSCase1.CWKTVSKS_RPTFILE_FILE_01.00008: RPTFILE assertion" name="00013: Check for FILLER12"/>
    <testcase classname="CWKTVSKS_Pipeline.CWKTVSKS_Scenario.00001: CWKTVSKSCase1.CWKTVSKS_RPTFILE_FILE_01.00008: RPTFILE assertion" name="00014: Check for FILLER13"/>
    <testcase classname="CWKTVSKS_Pipeline.CWKTVSKS_Scenario.00001: CWKTVSKSCase1.CWKTVSKS_RPTFILE_FILE_01.00008: RPTFILE assertion" name="00015: Check for FILLER14"/>
    <testcase classname="CWKTVSKS_Pipeline.CWKTVSKS_Scenario.00001: CWKTVSKSCase1.CWKTVSKS_RPTFILE_FILE_01.00008: RPTFILE assertion" name="00016: Check for FILLER15"/>
    <testcase classname="CWKTVSKS_Pipeline.CWKTVSKS_Scenario.00001: CWKTVSKSCase1.CWKTVSKS_RPTFILE_FILE_01.00008: RPTFILE assertion" name="00017: Check for FILLER16"/>
    <testcase classname="CWKTVSKS_Pipeline.CWKTVSKS_Scenario.00001: CWKTVSKSCase1.CWKTVSKS_RPTFILE_FILE_01.00008: RPTFILE assertion" name="00018: Check for FILLER17"/>
  </testsuite>
  <testsuite errors="0" failures="0" name="CWKTVSKS_Pipeline.CWKTVSKS_Scenario.00001: CWKTVSKSCase1.CWKTVSKS_RPTFILE_FILE_01.00009: RPTFILE assertion" tests="41">
    <testcase classname="CWKTVSKS_Pipeline.CWKTVSKS_Scenario.00001: CWKTVSKSCase1.CWKTVSKS_RPTFILE_FILE_01.00009: RPTFILE assertion" name="00001: Check for BLANK_LINE"/>
  </testsuite>
  <testsuite errors="0" failures="0" name="CWKTVSKS_Pipeline.CWKTVSKS_Scenario.00001: CWKTVSKSCase1.CWKTVSKS_RPTFILE_FILE_01.00010: RPTFILE assertion" tests="63">
    <testcase classname="CWKTVSKS_Pipeline.CWKTVSKS_Scenario.00001: CWKTVSKSCase1.CWKTVSKS_RPTFILE_FILE_01.00010: RPTFILE assertion" name="00001: Check for FILLER0"/>
    <testcase classname="CWKTVSKS_Pipeline.CWKTVSKS_Scenario.00001: CWKTVSKSCase1.CWKTVSKS_RPTFILE_FILE_01.00010: RPTFILE assertion" name="00002: Check for EMP_DTL_NAME"/>
    <testcase classname="CWKTVSKS_Pipeline.CWKTVSKS_Scenario.00001: CWKTVSKSCase1.CWKTVSKS_RPTFILE_FILE_01.00010: RPTFILE assertion" name="00003: Check for FILLER1"/>
    <testcase classname="CWKTVSKS_Pipeline.CWKTVSKS_Scenario.00001: CWKTVSKSCase1.CWKTVSKS_RPTFILE_FILE_01.00010: RPTFILE assertion" name="00004: Check for EMP_DTL_REGION"/>
    <testcase classname="CWKTVSKS_Pipeline.CWKTVSKS_Scenario.00001: CWKTVSKSCase1.CWKTVSKS_RPTFILE_FILE_01.00010: RPTFILE assertion" name="00005: Check for FILLER2"/>
    <testcase classname="CWKTVSKS_Pipeline.CWKTVSKS_Scenario.00001: CWKTVSKSCase1.CWKTVSKS_RPTFILE_FILE_01.00010: RPTFILE assertion" name="00006: Check for EMP_DTL_TYPE"/>
    <testcase classname="CWKTVSKS_Pipeline.CWKTVSKS_Scenario.00001: CWKTVSKSCase1.CWKTVSKS_RPTFILE_FILE_01.00010: RPTFILE assertion" name="00007: Check for FILLER3"/>
    <testcase classname="CWKTVSKS_Pipeline.CWKTVSKS_Scenario.00001: CWKTVSKSCase1.CWKTVSKS_RPTFILE_FILE_01.00010: RPTFILE assertion" name="00008: Check for EMP_DTL_HIRE_MM"/>
    <testcase classname="CWKTVSKS_Pipeline.CWKTVSKS_Scenario.00001: CWKTVSKSCase1.CWKTVSKS_RPTFILE_FILE_01.00010: RPTFILE assertion" name="00009: Check for EMP_DTL_SLASH1"/>
    <testcase classname="CWKTVSKS_Pipeline.CWKTVSKS_Scenario.00001: CWKTVSKSCase1.CWKTVSKS_RPTFILE_FILE_01.00010: RPTFILE assertion" name="00010: Check for EMP_DTL_HIRE_DD"/>
    <testcase classname="CWKTVSKS_Pipeline.CWKTVSKS_Scenario.00001: CWKTVSKSCase1.CWKTVSKS_RPTFILE_FILE_01.00010: RPTFILE assertion" name="00011: Check for EMP_DTL_SLASH2"/>
    <testcase classname="CWKTVSKS_Pipeline.CWKTVSKS_Scenario.00001: CWKTVSKSCase1.CWKTVSKS_RPTFILE_FILE_01.00010: RPTFILE assertion" name="00012: Check for EMP_DTL_HIRE_YY"/>
    <testcase classname="CWKTVSKS_Pipeline.CWKTVSKS_Scenario.00001: CWKTVSKSCase1.CWKTVSKS_RPTFILE_FILE_01.00010: RPTFILE assertion" name="00013: Check for FILLER4"/>
    <testcase classname="CWKTVSKS_Pipeline.CWKTVSKS_Scenario.00001: CWKTVSKSCase1.CWKTVSKS_RPTFILE_FILE_01.00010: RPTFILE assertion" name="00014: Check for EMP_DTL_YRS_OF_SERVICE"/>
    <testcase classname="CWKTVSKS_Pipeline.CWKTVSKS_Scenario.00001: CWKTVSKSCase1.CWKTVSKS_RPTFILE_FILE_01.00010: RPTFILE assertion" name="00015: Check for FILLER5"/>
    <testcase classname="CWKTVSKS_Pipeline.CWKTVSKS_Scenario.00001: CWKTVSKSCase1.CWKTVSKS_RPTFILE_FILE_01.00010: RPTFILE assertion" name="00016: Check for EMP_DTL_WAGES"/>
    <testcase classname="CWKTVSKS_Pipeline.CWKTVSKS_Scenario.00001: CWKTVSKSCase1.CWKTVSKS_RPTFILE_FILE_01.00010: RPTFILE assertion" name="00017: Check for FILLER6"/>
    <testcase classname="CWKTVSKS_Pipeline.CWKTVSKS_Scenario.00001: CWKTVSKSCase1.CWKTVSKS_RPTFILE_FILE_01.00010: RPTFILE assertion" name="00018: Check for EMP_DTL_OT"/>
    <testcase classname="CWKTVSKS_Pipeline.CWKTVSKS_Scenario.00001: CWKTVSKSCase1.CWKTVSKS_RPTFILE_FILE_01.00010: RPTFILE assertion" name="00019: Check for FILLER7"/>
    <testcase classname="CWKTVSKS_Pipeline.CWKTVSKS_Scenario.00001: CWKTVSKSCase1.CWKTVSKS_RPTFILE_FILE_01.00010: RPTFILE assertion" name="00020: Check for EMP_DTL_COMM"/>
    <testcase classname="CWKTVSKS_Pipeline.CWKTVSKS_Scenario.00001: CWKTVSKSCase1.CWKTVSKS_RPTFILE_FILE_01.00010: RPTFILE assertion" name="00021: Check for FILLER8"/>
    <testcase classname="CWKTVSKS_Pipeline.CWKTVSKS_Scenario.00001: CWKTVSKSCase1.CWKTVSKS_RPTFILE_FILE_01.00010: RPTFILE assertion" name="00022: Check for EMP_DTL_TOTAL"/>
  </testsuite>
  <testsuite errors="0" failures="0" name="CWKTVSKS_Pipeline.CWKTVSKS_Scenario.00001: CWKTVSKSCase1.CWKTVSKS_RPTFILE_FILE_01.00011: RPTFILE assertion" tests="85">
    <testcase classname="CWKTVSKS_Pipeline.CWKTVSKS_Scenario.00001: CWKTVSKSCase1.CWKTVSKS_RPTFILE_FILE_01.00011: RPTFILE assertion" name="00001: Check for FILLER0"/>
    <testcase classname="CWKTVSKS_Pipeline.CWKTVSKS_Scenario.00001: CWKTVSKSCase1.CWKTVSKS_RPTFILE_FILE_01.00011: RPTFILE assertion" name="00002: Check for EMP_DTL_NAME"/>
    <testcase classname="CWKTVSKS_Pipeline.CWKTVSKS_Scenario.00001: CWKTVSKSCase1.CWKTVSKS_RPTFILE_FILE_01.00011: RPTFILE assertion" name="00003: Check for FILLER1"/>
    <testcase classname="CWKTVSKS_Pipeline.CWKTVSKS_Scenario.00001: CWKTVSKSCase1.CWKTVSKS_RPTFILE_FILE_01.00011: RPTFILE assertion" name="00004: Check for EMP_DTL_REGION"/>
    <testcase classname="CWKTVSKS_Pipeline.CWKTVSKS_Scenario.00001: CWKTVSKSCase1.CWKTVSKS_RPTFILE_FILE_01.00011: RPTFILE assertion" name="00005: Check for FILLER2"/>
    <testcase classname="CWKTVSKS_Pipeline.CWKTVSKS_Scenario.00001: CWKTVSKSCase1.CWKTVSKS_RPTFILE_FILE_01.00011: RPTFILE assertion" name="00006: Check for EMP_DTL_TYPE"/>
    <testcase classname="CWKTVSKS_Pipeline.CWKTVSKS_Scenario.00001: CWKTVSKSCase1.CWKTVSKS_RPTFILE_FILE_01.00011: RPTFILE assertion" name="00007: Check for FILLER3"/>
    <testcase classname="CWKTVSKS_Pipeline.CWKTVSKS_Scenario.00001: CWKTVSKSCase1.CWKTVSKS_RPTFILE_FILE_01.00011: RPTFILE assertion" name="00008: Check for EMP_DTL_HIRE_MM"/>
    <testcase classname="CWKTVSKS_Pipeline.CWKTVSKS_Scenario.00001: CWKTVSKSCase1.CWKTVSKS_RPTFILE_FILE_01.00011: RPTFILE assertion" name="00009: Check for EMP_DTL_SLASH1"/>
    <testcase classname="CWKTVSKS_Pipeline.CWKTVSKS_Scenario.00001: CWKTVSKSCase1.CWKTVSKS_RPTFILE_FILE_01.00011: RPTFILE assertion" name="00010: Check for EMP_DTL_HIRE_DD"/>
    <testcase classname="CWKTVSKS_Pipeline.CWKTVSKS_Scenario.00001: CWKTVSKSCase1.CWKTVSKS_RPTFILE_FILE_01.00011: RPTFILE assertion" name="00011: Check for EMP_DTL_SLASH2"/>
    <testcase classname="CWKTVSKS_Pipeline.CWKTVSKS_Scenario.00001: CWKTVSKSCase1.CWKTVSKS_RPTFILE_FILE_01.00011: RPTFILE assertion" name="00012: Check for EMP_DTL_HIRE_YY"/>
    <testcase classname="CWKTVSKS_Pipeline.CWKTVSKS_Scenario.00001: CWKTVSKSCase1.CWKTVSKS_RPTFILE_FILE_01.00011: RPTFILE assertion" name="00013: Check for FILLER4"/>
    <testcase classname="CWKTVSKS_Pipeline.CWKTVSKS_Scenario.00001: CWKTVSKSCase1.CWKTVSKS_RPTFILE_FILE_01.00011: RPTFILE assertion" name="00014: Check for EMP_DTL_YRS_OF_SERVICE"/>
    <testcase classname="CWKTVSKS_Pipeline.CWKTVSKS_Scenario.00001: CWKTVSKSCase1.CWKTVSKS_RPTFILE_FILE_01.00011: RPTFILE assertion" name="00015: Check for FILLER5"/>
    <testcase classname="CWKTVSKS_Pipeline.CWKTVSKS_Scenario.00001: CWKTVSKSCase1.CWKTVSKS_RPTFILE_FILE_01.00011: RPTFILE assertion" name="00016: Check for EMP_DTL_WAGES"/>
    <testcase classname="CWKTVSKS_Pipeline.CWKTVSKS_Scenario.00001: CWKTVSKSCase1.CWKTVSKS_RPTFILE_FILE_01.00011: RPTFILE assertion" name="00017: Check for FILLER6"/>
    <testcase classname="CWKTVSKS_Pipeline.CWKTVSKS_Scenario.00001: CWKTVSKSCase1.CWKTVSKS_RPTFILE_FILE_01.00011: RPTFILE assertion" name="00018: Check for EMP_DTL_OT"/>
    <testcase classname="CWKTVSKS_Pipeline.CWKTVSKS_Scenario.00001: CWKTVSKSCase1.CWKTVSKS_RPTFILE_FILE_01.00011: RPTFILE assertion" name="00019: Check for FILLER7"/>
    <testcase classname="CWKTVSKS_Pipeline.CWKTVSKS_Scenario.00001: CWKTVSKSCase1.CWKTVSKS_RPTFILE_FILE_01.00011: RPTFILE assertion" name="00020: Check for EMP_DTL_COMM"/>
    <testcase classname="CWKTVSKS_Pipeline.CWKTVSKS_Scenario.00001: CWKTVSKSCase1.CWKTVSKS_RPTFILE_FILE_01.00011: RPTFILE assertion" name="00021: Check for FILLER8"/>
    <testcase classname="CWKTVSKS_Pipeline.CWKTVSKS_Scenario.00001: CWKTVSKSCase1.CWKTVSKS_RPTFILE_FILE_01.00011: RPTFILE assertion" name="00022: Check for EMP_DTL_TOTAL"/>
  </testsuite>
  <testsuite errors="0" failures="0" name="CWKTVSKS_Pipeline.CWKTVSKS_Scenario.00001: CWKTVSKSCase1.CWKTVSKS_RPTFILE_FILE_01.00012: RPTFILE assertion" tests="107">
    <testcase classname="CWKTVSKS_Pipeline.CWKTVSKS_Scenario.00001: CWKTVSKSCase1.CWKTVSKS_RPTFILE_FILE_01.00012: RPTFILE assertion" name="00001: Check for FILLER0"/>
    <testcase classname="CWKTVSKS_Pipeline.CWKTVSKS_Scenario.00001: CWKTVSKSCase1.CWKTVSKS_RPTFILE_FILE_01.00012: RPTFILE assertion" name="00002: Check for EMP_DTL_NAME"/>
    <testcase classname="CWKTVSKS_Pipeline.CWKTVSKS_Scenario.00001: CWKTVSKSCase1.CWKTVSKS_RPTFILE_FILE_01.00012: RPTFILE assertion" name="00003: Check for FILLER1"/>
    <testcase classname="CWKTVSKS_Pipeline.CWKTVSKS_Scenario.00001: CWKTVSKSCase1.CWKTVSKS_RPTFILE_FILE_01.00012: RPTFILE assertion" name="00004: Check for EMP_DTL_REGION"/>
    <testcase classname="CWKTVSKS_Pipeline.CWKTVSKS_Scenario.00001: CWKTVSKSCase1.CWKTVSKS_RPTFILE_FILE_01.00012: RPTFILE assertion" name="00005: Check for FILLER2"/>
    <testcase classname="CWKTVSKS_Pipeline.CWKTVSKS_Scenario.00001: CWKTVSKSCase1.CWKTVSKS_RPTFILE_FILE_01.00012: RPTFILE assertion" name="00006: Check for EMP_DTL_TYPE"/>
    <testcase classname="CWKTVSKS_Pipeline.CWKTVSKS_Scenario.00001: CWKTVSKSCase1.CWKTVSKS_RPTFILE_FILE_01.00012: RPTFILE assertion" name="00007: Check for FILLER3"/>
    <testcase classname="CWKTVSKS_Pipeline.CWKTVSKS_Scenario.00001: CWKTVSKSCase1.CWKTVSKS_RPTFILE_FILE_01.00012: RPTFILE assertion" name="00008: Check for EMP_DTL_HIRE_MM"/>
    <testcase classname="CWKTVSKS_Pipeline.CWKTVSKS_Scenario.00001: CWKTVSKSCase1.CWKTVSKS_RPTFILE_FILE_01.00012: RPTFILE assertion" name="00009: Check for EMP_DTL_SLASH1"/>
    <testcase classname="CWKTVSKS_Pipeline.CWKTVSKS_Scenario.00001: CWKTVSKSCase1.CWKTVSKS_RPTFILE_FILE_01.00012: RPTFILE assertion" name="00010: Check for EMP_DTL_HIRE_DD"/>
    <testcase classname="CWKTVSKS_Pipeline.CWKTVSKS_Scenario.00001: CWKTVSKSCase1.CWKTVSKS_RPTFILE_FILE_01.00012: RPTFILE assertion" name="00011: Check for EMP_DTL_SLASH2"/>
    <testcase classname="CWKTVSKS_Pipeline.CWKTVSKS_Scenario.00001: CWKTVSKSCase1.CWKTVSKS_RPTFILE_FILE_01.00012: RPTFILE assertion" name="00012: Check for EMP_DTL_HIRE_YY"/>
    <testcase classname="CWKTVSKS_Pipeline.CWKTVSKS_Scenario.00001: CWKTVSKSCase1.CWKTVSKS_RPTFILE_FILE_01.00012: RPTFILE assertion" name="00013: Check for FILLER4"/>
    <testcase classname="CWKTVSKS_Pipeline.CWKTVSKS_Scenario.00001: CWKTVSKSCase1.CWKTVSKS_RPTFILE_FILE_01.00012: RPTFILE assertion" name="00014: Check for EMP_DTL_YRS_OF_SERVICE"/>
    <testcase classname="CWKTVSKS_Pipeline.CWKTVSKS_Scenario.00001: CWKTVSKSCase1.CWKTVSKS_RPTFILE_FILE_01.00012: RPTFILE assertion" name="00015: Check for FILLER5"/>
    <testcase classname="CWKTVSKS_Pipeline.CWKTVSKS_Scenario.00001: CWKTVSKSCase1.CWKTVSKS_RPTFILE_FILE_01.00012: RPTFILE assertion" name="00016: Check for EMP_DTL_WAGES"/>
    <testcase classname="CWKTVSKS_Pipeline.CWKTVSKS_Scenario.00001: CWKTVSKSCase1.CWKTVSKS_RPTFILE_FILE_01.00012: RPTFILE assertion" name="00017: Check for FILLER6"/>
    <testcase classname="CWKTVSKS_Pipeline.CWKTVSKS_Scenario.00001: CWKTVSKSCase1.CWKTVSKS_RPTFILE_FILE_01.00012: RPTFILE assertion" name="00018: Check for EMP_DTL_OT"/>
    <testcase classname="CWKTVSKS_Pipeline.CWKTVSKS_Scenario.00001: CWKTVSKSCase1.CWKTVSKS_RPTFILE_FILE_01.00012: RPTFILE assertion" name="00019: Check for FILLER7"/>
    <testcase classname="CWKTVSKS_Pipeline.CWKTVSKS_Scenario.00001: CWKTVSKSCase1.CWKTVSKS_RPTFILE_FILE_01.00012: RPTFILE assertion" name="00020: Check for EMP_DTL_COMM"/>
    <testcase classname="CWKTVSKS_Pipeline.CWKTVSKS_Scenario.00001: CWKTVSKSCase1.CWKTVSKS_RPTFILE_FILE_01.00012: RPTFILE assertion" name="00021: Check for FILLER8"/>
    <testcase classname="CWKTVSKS_Pipeline.CWKTVSKS_Scenario.00001: CWKTVSKSCase1.CWKTVSKS_RPTFILE_FILE_01.00012: RPTFILE assertion" name="00022: Check for EMP_DTL_TOTAL"/>
  </testsuite>
  <testsuite errors="0" failures="0" name="CWKTVSKS_Pipeline.CWKTVSKS_Scenario.00001: CWKTVSKSCase1.CWKTVSKS_RPTFILE_FILE_01.00013: RPTFILE assertion" tests="129">
    <testcase classname="CWKTVSKS_Pipeline.CWKTVSKS_Scenario.00001: CWKTVSKSCase1.CWKTVSKS_RPTFILE_FILE_01.00013: RPTFILE assertion" name="00001: Check for FILLER0"/>
    <testcase classname="CWKTVSKS_Pipeline.CWKTVSKS_Scenario.00001: CWKTVSKSCase1.CWKTVSKS_RPTFILE_FILE_01.00013: RPTFILE assertion" name="00002: Check for EMP_DTL_NAME"/>
    <testcase classname="CWKTVSKS_Pipeline.CWKTVSKS_Scenario.00001: CWKTVSKSCase1.CWKTVSKS_RPTFILE_FILE_01.00013: RPTFILE assertion" name="00003: Check for FILLER1"/>
    <testcase classname="CWKTVSKS_Pipeline.CWKTVSKS_Scenario.00001: CWKTVSKSCase1.CWKTVSKS_RPTFILE_FILE_01.00013: RPTFILE assertion" name="00004: Check for EMP_DTL_REGION"/>
    <testcase classname="CWKTVSKS_Pipeline.CWKTVSKS_Scenario.00001: CWKTVSKSCase1.CWKTVSKS_RPTFILE_FILE_01.00013: RPTFILE assertion" name="00005: Check for FILLER2"/>
    <testcase classname="CWKTVSKS_Pipeline.CWKTVSKS_Scenario.00001: CWKTVSKSCase1.CWKTVSKS_RPTFILE_FILE_01.00013: RPTFILE assertion" name="00006: Check for EMP_DTL_TYPE"/>
    <testcase classname="CWKTVSKS_Pipeline.CWKTVSKS_Scenario.00001: CWKTVSKSCase1.CWKTVSKS_RPTFILE_FILE_01.00013: RPTFILE assertion" name="00007: Check for FILLER3"/>
    <testcase classname="CWKTVSKS_Pipeline.CWKTVSKS_Scenario.00001: CWKTVSKSCase1.CWKTVSKS_RPTFILE_FILE_01.00013: RPTFILE assertion" name="00008: Check for EMP_DTL_HIRE_MM"/>
    <testcase classname="CWKTVSKS_Pipeline.CWKTVSKS_Scenario.00001: CWKTVSKSCase1.CWKTVSKS_RPTFILE_FILE_01.00013: RPTFILE assertion" name="00009: Check for EMP_DTL_SLASH1"/>
    <testcase classname="CWKTVSKS_Pipeline.CWKTVSKS_Scenario.00001: CWKTVSKSCase1.CWKTVSKS_RPTFILE_FILE_01.00013: RPTFILE assertion" name="00010: Check for EMP_DTL_HIRE_DD"/>
    <testcase classname="CWKTVSKS_Pipeline.CWKTVSKS_Scenario.00001: CWKTVSKSCase1.CWKTVSKS_RPTFILE_FILE_01.00013: RPTFILE assertion" name="00011: Check for EMP_DTL_SLASH2"/>
    <testcase classname="CWKTVSKS_Pipeline.CWKTVSKS_Scenario.00001: CWKTVSKSCase1.CWKTVSKS_RPTFILE_FILE_01.00013: RPTFILE assertion" name="00012: Check for EMP_DTL_HIRE_YY"/>
    <testcase classname="CWKTVSKS_Pipeline.CWKTVSKS_Scenario.00001: CWKTVSKSCase1.CWKTVSKS_RPTFILE_FILE_01.00013: RPTFILE assertion" name="00013: Check for FILLER4"/>
    <testcase classname="CWKTVSKS_Pipeline.CWKTVSKS_Scenario.00001: CWKTVSKSCase1.CWKTVSKS_RPTFILE_FILE_01.00013: RPTFILE assertion" name="00014: Check for EMP_DTL_YRS_OF_SERVICE"/>
    <testcase classname="CWKTVSKS_Pipeline.CWKTVSKS_Scenario.00001: CWKTVSKSCase1.CWKTVSKS_RPTFILE_FILE_01.00013: RPTFILE assertion" name="00015: Check for FILLER5"/>
    <testcase classname="CWKTVSKS_Pipeline.CWKTVSKS_Scenario.00001: CWKTVSKSCase1.CWKTVSKS_RPTFILE_FILE_01.00013: RPTFILE assertion" name="00016: Check for EMP_DTL_WAGES"/>
    <testcase classname="CWKTVSKS_Pipeline.CWKTVSKS_Scenario.00001: CWKTVSKSCase1.CWKTVSKS_RPTFILE_FILE_01.00013: RPTFILE assertion" name="00017: Check for FILLER6"/>
    <testcase classname="CWKTVSKS_Pipeline.CWKTVSKS_Scenario.00001: CWKTVSKSCase1.CWKTVSKS_RPTFILE_FILE_01.00013: RPTFILE assertion" name="00018: Check for EMP_DTL_OT"/>
    <testcase classname="CWKTVSKS_Pipeline.CWKTVSKS_Scenario.00001: CWKTVSKSCase1.CWKTVSKS_RPTFILE_FILE_01.00013: RPTFILE assertion" name="00019: Check for FILLER7"/>
    <testcase classname="CWKTVSKS_Pipeline.CWKTVSKS_Scenario.00001: CWKTVSKSCase1.CWKTVSKS_RPTFILE_FILE_01.00013: RPTFILE assertion" name="00020: Check for EMP_DTL_COMM"/>
    <testcase classname="CWKTVSKS_Pipeline.CWKTVSKS_Scenario.00001: CWKTVSKSCase1.CWKTVSKS_RPTFILE_FILE_01.00013: RPTFILE assertion" name="00021: Check for FILLER8"/>
    <testcase classname="CWKTVSKS_Pipeline.CWKTVSKS_Scenario.00001: CWKTVSKSCase1.CWKTVSKS_RPTFILE_FILE_01.00013: RPTFILE assertion" name="00022: Check for EMP_DTL_TOTAL"/>
  </testsuite>
  <testsuite errors="0" failures="0" name="CWKTVSKS_Pipeline.CWKTVSKS_Scenario.00001: CWKTVSKSCase1.CWKTVSKS_RPTFILE_FILE_01.00014: RPTFILE assertion" tests="151">
    <testcase classname="CWKTVSKS_Pipeline.CWKTVSKS_Scenario.00001: CWKTVSKSCase1.CWKTVSKS_RPTFILE_FILE_01.00014: RPTFILE assertion" name="00001: Check for FILLER0"/>
    <testcase classname="CWKTVSKS_Pipeline.CWKTVSKS_Scenario.00001: CWKTVSKSCase1.CWKTVSKS_RPTFILE_FILE_01.00014: RPTFILE assertion" name="00002: Check for EMP_DTL_NAME"/>
    <testcase classname="CWKTVSKS_Pipeline.CWKTVSKS_Scenario.00001: CWKTVSKSCase1.CWKTVSKS_RPTFILE_FILE_01.00014: RPTFILE assertion" name="00003: Check for FILLER1"/>
    <testcase classname="CWKTVSKS_Pipeline.CWKTVSKS_Scenario.00001: CWKTVSKSCase1.CWKTVSKS_RPTFILE_FILE_01.00014: RPTFILE assertion" name="00004: Check for EMP_DTL_REGION"/>
    <testcase classname="CWKTVSKS_Pipeline.CWKTVSKS_Scenario.00001: CWKTVSKSCase1.CWKTVSKS_RPTFILE_FILE_01.00014: RPTFILE assertion" name="00005: Check for FILLER2"/>
    <testcase classname="CWKTVSKS_Pipeline.CWKTVSKS_Scenario.00001: CWKTVSKSCase1.CWKTVSKS_RPTFILE_FILE_01.00014: RPTFILE assertion" name="00006: Check for EMP_DTL_TYPE"/>
    <testcase classname="CWKTVSKS_Pipeline.CWKTVSKS_Scenario.00001: CWKTVSKSCase1.CWKTVSKS_RPTFILE_FILE_01.00014: RPTFILE assertion" name="00007: Check for FILLER3"/>
    <testcase classname="CWKTVSKS_Pipeline.CWKTVSKS_Scenario.00001: CWKTVSKSCase1.CWKTVSKS_RPTFILE_FILE_01.00014: RPTFILE assertion" name="00008: Check for EMP_DTL_HIRE_MM"/>
    <testcase classname="CWKTVSKS_Pipeline.CWKTVSKS_Scenario.00001: CWKTVSKSCase1.CWKTVSKS_RPTFILE_FILE_01.00014: RPTFILE assertion" name="00009: Check for EMP_DTL_SLASH1"/>
    <testcase classname="CWKTVSKS_Pipeline.CWKTVSKS_Scenario.00001: CWKTVSKSCase1.CWKTVSKS_RPTFILE_FILE_01.00014: RPTFILE assertion" name="00010: Check for EMP_DTL_HIRE_DD"/>
    <testcase classname="CWKTVSKS_Pipeline.CWKTVSKS_Scenario.00001: CWKTVSKSCase1.CWKTVSKS_RPTFILE_FILE_01.00014: RPTFILE assertion" name="00011: Check for EMP_DTL_SLASH2"/>
    <testcase classname="CWKTVSKS_Pipeline.CWKTVSKS_Scenario.00001: CWKTVSKSCase1.CWKTVSKS_RPTFILE_FILE_01.00014: RPTFILE assertion" name="00012: Check for EMP_DTL_HIRE_YY"/>
    <testcase classname="CWKTVSKS_Pipeline.CWKTVSKS_Scenario.00001: CWKTVSKSCase1.CWKTVSKS_RPTFILE_FILE_01.00014: RPTFILE assertion" name="00013: Check for FILLER4"/>
    <testcase classname="CWKTVSKS_Pipeline.CWKTVSKS_Scenario.00001: CWKTVSKSCase1.CWKTVSKS_RPTFILE_FILE_01.00014: RPTFILE assertion" name="00014: Check for EMP_DTL_YRS_OF_SERVICE"/>
    <testcase classname="CWKTVSKS_Pipeline.CWKTVSKS_Scenario.00001: CWKTVSKSCase1.CWKTVSKS_RPTFILE_FILE_01.00014: RPTFILE assertion" name="00015: Check for FILLER5"/>
    <testcase classname="CWKTVSKS_Pipeline.CWKTVSKS_Scenario.00001: CWKTVSKSCase1.CWKTVSKS_RPTFILE_FILE_01.00014: RPTFILE assertion" name="00016: Check for EMP_DTL_WAGES"/>
    <testcase classname="CWKTVSKS_Pipeline.CWKTVSKS_Scenario.00001: CWKTVSKSCase1.CWKTVSKS_RPTFILE_FILE_01.00014: RPTFILE assertion" name="00017: Check for FILLER6"/>
    <testcase classname="CWKTVSKS_Pipeline.CWKTVSKS_Scenario.00001: CWKTVSKSCase1.CWKTVSKS_RPTFILE_FILE_01.00014: RPTFILE assertion" name="00018: Check for EMP_DTL_OT"/>
    <testcase classname="CWKTVSKS_Pipeline.CWKTVSKS_Scenario.00001: CWKTVSKSCase1.CWKTVSKS_RPTFILE_FILE_01.00014: RPTFILE assertion" name="00019: Check for FILLER7"/>
    <testcase classname="CWKTVSKS_Pipeline.CWKTVSKS_Scenario.00001: CWKTVSKSCase1.CWKTVSKS_RPTFILE_FILE_01.00014: RPTFILE assertion" name="00020: Check for EMP_DTL_COMM"/>
    <testcase classname="CWKTVSKS_Pipeline.CWKTVSKS_Scenario.00001: CWKTVSKSCase1.CWKTVSKS_RPTFILE_FILE_01.00014: RPTFILE assertion" name="00021: Check for FILLER8"/>
    <testcase classname="CWKTVSKS_Pipeline.CWKTVSKS_Scenario.00001: CWKTVSKSCase1.CWKTVSKS_RPTFILE_FILE_01.00014: RPTFILE assertion" name="00022: Check for EMP_DTL_TOTAL"/>
  </testsuite>
  <testsuite errors="0" failures="0" name="CWKTVSKS_Pipeline.CWKTVSKS_Scenario.00001: CWKTVSKSCase1.CWKTVSKS_RPTFILE_FILE_01.00015: RPTFILE assertion" tests="173">
    <testcase classname="CWKTVSKS_Pipeline.CWKTVSKS_Scenario.00001: CWKTVSKSCase1.CWKTVSKS_RPTFILE_FILE_01.00015: RPTFILE assertion" name="00001: Check for FILLER0"/>
    <testcase classname="CWKTVSKS_Pipeline.CWKTVSKS_Scenario.00001: CWKTVSKSCase1.CWKTVSKS_RPTFILE_FILE_01.00015: RPTFILE assertion" name="00002: Check for EMP_DTL_NAME"/>
    <testcase classname="CWKTVSKS_Pipeline.CWKTVSKS_Scenario.00001: CWKTVSKSCase1.CWKTVSKS_RPTFILE_FILE_01.00015: RPTFILE assertion" name="00003: Check for FILLER1"/>
    <testcase classname="CWKTVSKS_Pipeline.CWKTVSKS_Scenario.00001: CWKTVSKSCase1.CWKTVSKS_RPTFILE_FILE_01.00015: RPTFILE assertion" name="00004: Check for EMP_DTL_REGION"/>
    <testcase classname="CWKTVSKS_Pipeline.CWKTVSKS_Scenario.00001: CWKTVSKSCase1.CWKTVSKS_RPTFILE_FILE_01.00015: RPTFILE assertion" name="00005: Check for FILLER2"/>
    <testcase classname="CWKTVSKS_Pipeline.CWKTVSKS_Scenario.00001: CWKTVSKSCase1.CWKTVSKS_RPTFILE_FILE_01.00015: RPTFILE assertion" name="00006: Check for EMP_DTL_TYPE"/>
    <testcase classname="CWKTVSKS_Pipeline.CWKTVSKS_Scenario.00001: CWKTVSKSCase1.CWKTVSKS_RPTFILE_FILE_01.00015: RPTFILE assertion" name="00007: Check for FILLER3"/>
    <testcase classname="CWKTVSKS_Pipeline.CWKTVSKS_Scenario.00001: CWKTVSKSCase1.CWKTVSKS_RPTFILE_FILE_01.00015: RPTFILE assertion" name="00008: Check for EMP_DTL_HIRE_MM"/>
    <testcase classname="CWKTVSKS_Pipeline.CWKTVSKS_Scenario.00001: CWKTVSKSCase1.CWKTVSKS_RPTFILE_FILE_01.00015: RPTFILE assertion" name="00009: Check for EMP_DTL_SLASH1"/>
    <testcase classname="CWKTVSKS_Pipeline.CWKTVSKS_Scenario.00001: CWKTVSKSCase1.CWKTVSKS_RPTFILE_FILE_01.00015: RPTFILE assertion" name="00010: Check for EMP_DTL_HIRE_DD"/>
    <testcase classname="CWKTVSKS_Pipeline.CWKTVSKS_Scenario.00001: CWKTVSKSCase1.CWKTVSKS_RPTFILE_FILE_01.00015: RPTFILE assertion" name="00011: Check for EMP_DTL_SLASH2"/>
    <testcase classname="CWKTVSKS_Pipeline.CWKTVSKS_Scenario.00001: CWKTVSKSCase1.CWKTVSKS_RPTFILE_FILE_01.00015: RPTFILE assertion" name="00012: Check for EMP_DTL_HIRE_YY"/>
    <testcase classname="CWKTVSKS_Pipeline.CWKTVSKS_Scenario.00001: CWKTVSKSCase1.CWKTVSKS_RPTFILE_FILE_01.00015: RPTFILE assertion" name="00013: Check for FILLER4"/>
    <testcase classname="CWKTVSKS_Pipeline.CWKTVSKS_Scenario.00001: CWKTVSKSCase1.CWKTVSKS_RPTFILE_FILE_01.00015: RPTFILE assertion" name="00014: Check for EMP_DTL_YRS_OF_SERVICE"/>
    <testcase classname="CWKTVSKS_Pipeline.CWKTVSKS_Scenario.00001: CWKTVSKSCase1.CWKTVSKS_RPTFILE_FILE_01.00015: RPTFILE assertion" name="00015: Check for FILLER5"/>
    <testcase classname="CWKTVSKS_Pipeline.CWKTVSKS_Scenario.00001: CWKTVSKSCase1.CWKTVSKS_RPTFILE_FILE_01.00015: RPTFILE assertion" name="00016: Check for EMP_DTL_WAGES"/>
    <testcase classname="CWKTVSKS_Pipeline.CWKTVSKS_Scenario.00001: CWKTVSKSCase1.CWKTVSKS_RPTFILE_FILE_01.00015: RPTFILE assertion" name="00017: Check for FILLER6"/>
    <testcase classname="CWKTVSKS_Pipeline.CWKTVSKS_Scenario.00001: CWKTVSKSCase1.CWKTVSKS_RPTFILE_FILE_01.00015: RPTFILE assertion" name="00018: Check for EMP_DTL_OT"/>
    <testcase classname="CWKTVSKS_Pipeline.CWKTVSKS_Scenario.00001: CWKTVSKSCase1.CWKTVSKS_RPTFILE_FILE_01.00015: RPTFILE assertion" name="00019: Check for FILLER7"/>
    <testcase classname="CWKTVSKS_Pipeline.CWKTVSKS_Scenario.00001: CWKTVSKSCase1.CWKTVSKS_RPTFILE_FILE_01.00015: RPTFILE assertion" name="00020: Check for EMP_DTL_COMM"/>
    <testcase classname="CWKTVSKS_Pipeline.CWKTVSKS_Scenario.00001: CWKTVSKSCase1.CWKTVSKS_RPTFILE_FILE_01.00015: RPTFILE assertion" name="00021: Check for FILLER8"/>
    <testcase classname="CWKTVSKS_Pipeline.CWKTVSKS_Scenario.00001: CWKTVSKSCase1.CWKTVSKS_RPTFILE_FILE_01.00015: RPTFILE assertion" name="00022: Check for EMP_DTL_TOTAL"/>
  </testsuite>
  <testsuite errors="0" failures="0" name="CWKTVSKS_Pipeline.CWKTVSKS_Scenario.00001: CWKTVSKSCase1.CWKTVSKS_RPTFILE_FILE_01.00016: RPTFILE assertion" tests="195">
    <testcase classname="CWKTVSKS_Pipeline.CWKTVSKS_Scenario.00001: CWKTVSKSCase1.CWKTVSKS_RPTFILE_FILE_01.00016: RPTFILE assertion" name="00001: Check for FILLER0"/>
    <testcase classname="CWKTVSKS_Pipeline.CWKTVSKS_Scenario.00001: CWKTVSKSCase1.CWKTVSKS_RPTFILE_FILE_01.00016: RPTFILE assertion" name="00002: Check for EMP_DTL_NAME"/>
    <testcase classname="CWKTVSKS_Pipeline.CWKTVSKS_Scenario.00001: CWKTVSKSCase1.CWKTVSKS_RPTFILE_FILE_01.00016: RPTFILE assertion" name="00003: Check for FILLER1"/>
    <testcase classname="CWKTVSKS_Pipeline.CWKTVSKS_Scenario.00001: CWKTVSKSCase1.CWKTVSKS_RPTFILE_FILE_01.00016: RPTFILE assertion" name="00004: Check for EMP_DTL_REGION"/>
    <testcase classname="CWKTVSKS_Pipeline.CWKTVSKS_Scenario.00001: CWKTVSKSCase1.CWKTVSKS_RPTFILE_FILE_01.00016: RPTFILE assertion" name="00005: Check for FILLER2"/>
    <testcase classname="CWKTVSKS_Pipeline.CWKTVSKS_Scenario.00001: CWKTVSKSCase1.CWKTVSKS_RPTFILE_FILE_01.00016: RPTFILE assertion" name="00006: Check for EMP_DTL_TYPE"/>
    <testcase classname="CWKTVSKS_Pipeline.CWKTVSKS_Scenario.00001: CWKTVSKSCase1.CWKTVSKS_RPTFILE_FILE_01.00016: RPTFILE assertion" name="00007: Check for FILLER3"/>
    <testcase classname="CWKTVSKS_Pipeline.CWKTVSKS_Scenario.00001: CWKTVSKSCase1.CWKTVSKS_RPTFILE_FILE_01.00016: RPTFILE assertion" name="00008: Check for EMP_DTL_HIRE_MM"/>
    <testcase classname="CWKTVSKS_Pipeline.CWKTVSKS_Scenario.00001: CWKTVSKSCase1.CWKTVSKS_RPTFILE_FILE_01.00016: RPTFILE assertion" name="00009: Check for EMP_DTL_SLASH1"/>
    <testcase classname="CWKTVSKS_Pipeline.CWKTVSKS_Scenario.00001: CWKTVSKSCase1.CWKTVSKS_RPTFILE_FILE_01.00016: RPTFILE assertion" name="00010: Check for EMP_DTL_HIRE_DD"/>
    <testcase classname="CWKTVSKS_Pipeline.CWKTVSKS_Scenario.00001: CWKTVSKSCase1.CWKTVSKS_RPTFILE_FILE_01.00016: RPTFILE assertion" name="00011: Check for EMP_DTL_SLASH2"/>
    <testcase classname="CWKTVSKS_Pipeline.CWKTVSKS_Scenario.00001: CWKTVSKSCase1.CWKTVSKS_RPTFILE_FILE_01.00016: RPTFILE assertion" name="00012: Check for EMP_DTL_HIRE_YY"/>
    <testcase classname="CWKTVSKS_Pipeline.CWKTVSKS_Scenario.00001: CWKTVSKSCase1.CWKTVSKS_RPTFILE_FILE_01.00016: RPTFILE assertion" name="00013: Check for FILLER4"/>
    <testcase classname="CWKTVSKS_Pipeline.CWKTVSKS_Scenario.00001: CWKTVSKSCase1.CWKTVSKS_RPTFILE_FILE_01.00016: RPTFILE assertion" name="00014: Check for EMP_DTL_YRS_OF_SERVICE"/>
    <testcase classname="CWKTVSKS_Pipeline.CWKTVSKS_Scenario.00001: CWKTVSKSCase1.CWKTVSKS_RPTFILE_FILE_01.00016: RPTFILE assertion" name="00015: Check for FILLER5"/>
    <testcase classname="CWKTVSKS_Pipeline.CWKTVSKS_Scenario.00001: CWKTVSKSCase1.CWKTVSKS_RPTFILE_FILE_01.00016: RPTFILE assertion" name="00016: Check for EMP_DTL_WAGES"/>
    <testcase classname="CWKTVSKS_Pipeline.CWKTVSKS_Scenario.00001: CWKTVSKSCase1.CWKTVSKS_RPTFILE_FILE_01.00016: RPTFILE assertion" name="00017: Check for FILLER6"/>
    <testcase classname="CWKTVSKS_Pipeline.CWKTVSKS_Scenario.00001: CWKTVSKSCase1.CWKTVSKS_RPTFILE_FILE_01.00016: RPTFILE assertion" name="00018: Check for EMP_DTL_OT"/>
    <testcase classname="CWKTVSKS_Pipeline.CWKTVSKS_Scenario.00001: CWKTVSKSCase1.CWKTVSKS_RPTFILE_FILE_01.00016: RPTFILE assertion" name="00019: Check for FILLER7"/>
    <testcase classname="CWKTVSKS_Pipeline.CWKTVSKS_Scenario.00001: CWKTVSKSCase1.CWKTVSKS_RPTFILE_FILE_01.00016: RPTFILE assertion" name="00020: Check for EMP_DTL_COMM"/>
    <testcase classname="CWKTVSKS_Pipeline.CWKTVSKS_Scenario.00001: CWKTVSKSCase1.CWKTVSKS_RPTFILE_FILE_01.00016: RPTFILE assertion" name="00021: Check for FILLER8"/>
    <testcase classname="CWKTVSKS_Pipeline.CWKTVSKS_Scenario.00001: CWKTVSKSCase1.CWKTVSKS_RPTFILE_FILE_01.00016: RPTFILE assertion" name="00022: Check for EMP_DTL_TOTAL"/>
  </testsuite>
  <testsuite errors="0" failures="0" name="CWKTVSKS_Pipeline.CWKTVSKS_Scenario.00001: CWKTVSKSCase1.CWKTVSKS_RPTFILE_FILE_01.00017: RPTFILE assertion" tests="217">
    <testcase classname="CWKTVSKS_Pipeline.CWKTVSKS_Scenario.00001: CWKTVSKSCase1.CWKTVSKS_RPTFILE_FILE_01.00017: RPTFILE assertion" name="00001: Check for FILLER0"/>
    <testcase classname="CWKTVSKS_Pipeline.CWKTVSKS_Scenario.00001: CWKTVSKSCase1.CWKTVSKS_RPTFILE_FILE_01.00017: RPTFILE assertion" name="00002: Check for EMP_DTL_NAME"/>
    <testcase classname="CWKTVSKS_Pipeline.CWKTVSKS_Scenario.00001: CWKTVSKSCase1.CWKTVSKS_RPTFILE_FILE_01.00017: RPTFILE assertion" name="00003: Check for FILLER1"/>
    <testcase classname="CWKTVSKS_Pipeline.CWKTVSKS_Scenario.00001: CWKTVSKSCase1.CWKTVSKS_RPTFILE_FILE_01.00017: RPTFILE assertion" name="00004: Check for EMP_DTL_REGION"/>
    <testcase classname="CWKTVSKS_Pipeline.CWKTVSKS_Scenario.00001: CWKTVSKSCase1.CWKTVSKS_RPTFILE_FILE_01.00017: RPTFILE assertion" name="00005: Check for FILLER2"/>
    <testcase classname="CWKTVSKS_Pipeline.CWKTVSKS_Scenario.00001: CWKTVSKSCase1.CWKTVSKS_RPTFILE_FILE_01.00017: RPTFILE assertion" name="00006: Check for EMP_DTL_TYPE"/>
    <testcase classname="CWKTVSKS_Pipeline.CWKTVSKS_Scenario.00001: CWKTVSKSCase1.CWKTVSKS_RPTFILE_FILE_01.00017: RPTFILE assertion" name="00007: Check for FILLER3"/>
    <testcase classname="CWKTVSKS_Pipeline.CWKTVSKS_Scenario.00001: CWKTVSKSCase1.CWKTVSKS_RPTFILE_FILE_01.00017: RPTFILE assertion" name="00008: Check for EMP_DTL_HIRE_MM"/>
    <testcase classname="CWKTVSKS_Pipeline.CWKTVSKS_Scenario.00001: CWKTVSKSCase1.CWKTVSKS_RPTFILE_FILE_01.00017: RPTFILE assertion" name="00009: Check for EMP_DTL_SLASH1"/>
    <testcase classname="CWKTVSKS_Pipeline.CWKTVSKS_Scenario.00001: CWKTVSKSCase1.CWKTVSKS_RPTFILE_FILE_01.00017: RPTFILE assertion" name="00010: Check for EMP_DTL_HIRE_DD"/>
    <testcase classname="CWKTVSKS_Pipeline.CWKTVSKS_Scenario.00001: CWKTVSKSCase1.CWKTVSKS_RPTFILE_FILE_01.00017: RPTFILE assertion" name="00011: Check for EMP_DTL_SLASH2"/>
    <testcase classname="CWKTVSKS_Pipeline.CWKTVSKS_Scenario.00001: CWKTVSKSCase1.CWKTVSKS_RPTFILE_FILE_01.00017: RPTFILE assertion" name="00012: Check for EMP_DTL_HIRE_YY"/>
    <testcase classname="CWKTVSKS_Pipeline.CWKTVSKS_Scenario.00001: CWKTVSKSCase1.CWKTVSKS_RPTFILE_FILE_01.00017: RPTFILE assertion" name="00013: Check for FILLER4"/>
    <testcase classname="CWKTVSKS_Pipeline.CWKTVSKS_Scenario.00001: CWKTVSKSCase1.CWKTVSKS_RPTFILE_FILE_01.00017: RPTFILE assertion" name="00014: Check for EMP_DTL_YRS_OF_SERVICE"/>
    <testcase classname="CWKTVSKS_Pipeline.CWKTVSKS_Scenario.00001: CWKTVSKSCase1.CWKTVSKS_RPTFILE_FILE_01.00017: RPTFILE assertion" name="00015: Check for FILLER5"/>
    <testcase classname="CWKTVSKS_Pipeline.CWKTVSKS_Scenario.00001: CWKTVSKSCase1.CWKTVSKS_RPTFILE_FILE_01.00017: RPTFILE assertion" name="00016: Check for EMP_DTL_WAGES"/>
    <testcase classname="CWKTVSKS_Pipeline.CWKTVSKS_Scenario.00001: CWKTVSKSCase1.CWKTVSKS_RPTFILE_FILE_01.00017: RPTFILE assertion" name="00017: Check for FILLER6"/>
    <testcase classname="CWKTVSKS_Pipeline.CWKTVSKS_Scenario.00001: CWKTVSKSCase1.CWKTVSKS_RPTFILE_FILE_01.00017: RPTFILE assertion" name="00018: Check for EMP_DTL_OT"/>
    <testcase classname="CWKTVSKS_Pipeline.CWKTVSKS_Scenario.00001: CWKTVSKSCase1.CWKTVSKS_RPTFILE_FILE_01.00017: RPTFILE assertion" name="00019: Check for FILLER7"/>
    <testcase classname="CWKTVSKS_Pipeline.CWKTVSKS_Scenario.00001: CWKTVSKSCase1.CWKTVSKS_RPTFILE_FILE_01.00017: RPTFILE assertion" name="00020: Check for EMP_DTL_COMM"/>
    <testcase classname="CWKTVSKS_Pipeline.CWKTVSKS_Scenario.00001: CWKTVSKSCase1.CWKTVSKS_RPTFILE_FILE_01.00017: RPTFILE assertion" name="00021: Check for FILLER8"/>
    <testcase classname="CWKTVSKS_Pipeline.CWKTVSKS_Scenario.00001: CWKTVSKSCase1.CWKTVSKS_RPTFILE_FILE_01.00017: RPTFILE assertion" name="00022: Check for EMP_DTL_TOTAL"/>
  </testsuite>
  <testsuite errors="0" failures="0" name="CWKTVSKS_Pipeline.CWKTVSKS_Scenario.00001: CWKTVSKSCase1.CWKTVSKS_RPTFILE_FILE_01.00018: RPTFILE assertion" tests="239">
    <testcase classname="CWKTVSKS_Pipeline.CWKTVSKS_Scenario.00001: CWKTVSKSCase1.CWKTVSKS_RPTFILE_FILE_01.00018: RPTFILE assertion" name="00001: Check for FILLER0"/>
    <testcase classname="CWKTVSKS_Pipeline.CWKTVSKS_Scenario.00001: CWKTVSKSCase1.CWKTVSKS_RPTFILE_FILE_01.00018: RPTFILE assertion" name="00002: Check for EMP_DTL_NAME"/>
    <testcase classname="CWKTVSKS_Pipeline.CWKTVSKS_Scenario.00001: CWKTVSKSCase1.CWKTVSKS_RPTFILE_FILE_01.00018: RPTFILE assertion" name="00003: Check for FILLER1"/>
    <testcase classname="CWKTVSKS_Pipeline.CWKTVSKS_Scenario.00001: CWKTVSKSCase1.CWKTVSKS_RPTFILE_FILE_01.00018: RPTFILE assertion" name="00004: Check for EMP_DTL_REGION"/>
    <testcase classname="CWKTVSKS_Pipeline.CWKTVSKS_Scenario.00001: CWKTVSKSCase1.CWKTVSKS_RPTFILE_FILE_01.00018: RPTFILE assertion" name="00005: Check for FILLER2"/>
    <testcase classname="CWKTVSKS_Pipeline.CWKTVSKS_Scenario.00001: CWKTVSKSCase1.CWKTVSKS_RPTFILE_FILE_01.00018: RPTFILE assertion" name="00006: Check for EMP_DTL_TYPE"/>
    <testcase classname="CWKTVSKS_Pipeline.CWKTVSKS_Scenario.00001: CWKTVSKSCase1.CWKTVSKS_RPTFILE_FILE_01.00018: RPTFILE assertion" name="00007: Check for FILLER3"/>
    <testcase classname="CWKTVSKS_Pipeline.CWKTVSKS_Scenario.00001: CWKTVSKSCase1.CWKTVSKS_RPTFILE_FILE_01.00018: RPTFILE assertion" name="00008: Check for EMP_DTL_HIRE_MM"/>
    <testcase classname="CWKTVSKS_Pipeline.CWKTVSKS_Scenario.00001: CWKTVSKSCase1.CWKTVSKS_RPTFILE_FILE_01.00018: RPTFILE assertion" name="00009: Check for EMP_DTL_SLASH1"/>
    <testcase classname="CWKTVSKS_Pipeline.CWKTVSKS_Scenario.00001: CWKTVSKSCase1.CWKTVSKS_RPTFILE_FILE_01.00018: RPTFILE assertion" name="00010: Check for EMP_DTL_HIRE_DD"/>
    <testcase classname="CWKTVSKS_Pipeline.CWKTVSKS_Scenario.00001: CWKTVSKSCase1.CWKTVSKS_RPTFILE_FILE_01.00018: RPTFILE assertion" name="00011: Check for EMP_DTL_SLASH2"/>
    <testcase classname="CWKTVSKS_Pipeline.CWKTVSKS_Scenario.00001: CWKTVSKSCase1.CWKTVSKS_RPTFILE_FILE_01.00018: RPTFILE assertion" name="00012: Check for EMP_DTL_HIRE_YY"/>
    <testcase classname="CWKTVSKS_Pipeline.CWKTVSKS_Scenario.00001: CWKTVSKSCase1.CWKTVSKS_RPTFILE_FILE_01.00018: RPTFILE assertion" name="00013: Check for FILLER4"/>
    <testcase classname="CWKTVSKS_Pipeline.CWKTVSKS_Scenario.00001: CWKTVSKSCase1.CWKTVSKS_RPTFILE_FILE_01.00018: RPTFILE assertion" name="00014: Check for EMP_DTL_YRS_OF_SERVICE"/>
    <testcase classname="CWKTVSKS_Pipeline.CWKTVSKS_Scenario.00001: CWKTVSKSCase1.CWKTVSKS_RPTFILE_FILE_01.00018: RPTFILE assertion" name="00015: Check for FILLER5"/>
    <testcase classname="CWKTVSKS_Pipeline.CWKTVSKS_Scenario.00001: CWKTVSKSCase1.CWKTVSKS_RPTFILE_FILE_01.00018: RPTFILE assertion" name="00016: Check for EMP_DTL_WAGES"/>
    <testcase classname="CWKTVSKS_Pipeline.CWKTVSKS_Scenario.00001: CWKTVSKSCase1.CWKTVSKS_RPTFILE_FILE_01.00018: RPTFILE assertion" name="00017: Check for FILLER6"/>
    <testcase classname="CWKTVSKS_Pipeline.CWKTVSKS_Scenario.00001: CWKTVSKSCase1.CWKTVSKS_RPTFILE_FILE_01.00018: RPTFILE assertion" name="00018: Check for EMP_DTL_OT"/>
    <testcase classname="CWKTVSKS_Pipeline.CWKTVSKS_Scenario.00001: CWKTVSKSCase1.CWKTVSKS_RPTFILE_FILE_01.00018: RPTFILE assertion" name="00019: Check for FILLER7"/>
    <testcase classname="CWKTVSKS_Pipeline.CWKTVSKS_Scenario.00001: CWKTVSKSCase1.CWKTVSKS_RPTFILE_FILE_01.00018: RPTFILE assertion" name="00020: Check for EMP_DTL_COMM"/>
    <testcase classname="CWKTVSKS_Pipeline.CWKTVSKS_Scenario.00001: CWKTVSKSCase1.CWKTVSKS_RPTFILE_FILE_01.00018: RPTFILE assertion" name="00021: Check for FILLER8"/>
    <testcase classname="CWKTVSKS_Pipeline.CWKTVSKS_Scenario.00001: CWKTVSKSCase1.CWKTVSKS_RPTFILE_FILE_01.00018: RPTFILE assertion" name="00022: Check for EMP_DTL_TOTAL"/>
  </testsuite>
  <testsuite errors="0" failures="0" name="CWKTVSKS_Pipeline.CWKTVSKS_Scenario.00001: CWKTVSKSCase1.CWKTVSKS_RPTFILE_FILE_01.00019: RPTFILE assertion" tests="261">
    <testcase classname="CWKTVSKS_Pipeline.CWKTVSKS_Scenario.00001: CWKTVSKSCase1.CWKTVSKS_RPTFILE_FILE_01.00019: RPTFILE assertion" name="00001: Check for FILLER0"/>
    <testcase classname="CWKTVSKS_Pipeline.CWKTVSKS_Scenario.00001: CWKTVSKSCase1.CWKTVSKS_RPTFILE_FILE_01.00019: RPTFILE assertion" name="00002: Check for EMP_DTL_NAME"/>
    <testcase classname="CWKTVSKS_Pipeline.CWKTVSKS_Scenario.00001: CWKTVSKSCase1.CWKTVSKS_RPTFILE_FILE_01.00019: RPTFILE assertion" name="00003: Check for FILLER1"/>
    <testcase classname="CWKTVSKS_Pipeline.CWKTVSKS_Scenario.00001: CWKTVSKSCase1.CWKTVSKS_RPTFILE_FILE_01.00019: RPTFILE assertion" name="00004: Check for EMP_DTL_REGION"/>
    <testcase classname="CWKTVSKS_Pipeline.CWKTVSKS_Scenario.00001: CWKTVSKSCase1.CWKTVSKS_RPTFILE_FILE_01.00019: RPTFILE assertion" name="00005: Check for FILLER2"/>
    <testcase classname="CWKTVSKS_Pipeline.CWKTVSKS_Scenario.00001: CWKTVSKSCase1.CWKTVSKS_RPTFILE_FILE_01.00019: RPTFILE assertion" name="00006: Check for EMP_DTL_TYPE"/>
    <testcase classname="CWKTVSKS_Pipeline.CWKTVSKS_Scenario.00001: CWKTVSKSCase1.CWKTVSKS_RPTFILE_FILE_01.00019: RPTFILE assertion" name="00007: Check for FILLER3"/>
    <testcase classname="CWKTVSKS_Pipeline.CWKTVSKS_Scenario.00001: CWKTVSKSCase1.CWKTVSKS_RPTFILE_FILE_01.00019: RPTFILE assertion" name="00008: Check for EMP_DTL_HIRE_MM"/>
    <testcase classname="CWKTVSKS_Pipeline.CWKTVSKS_Scenario.00001: CWKTVSKSCase1.CWKTVSKS_RPTFILE_FILE_01.00019: RPTFILE assertion" name="00009: Check for EMP_DTL_SLASH1"/>
    <testcase classname="CWKTVSKS_Pipeline.CWKTVSKS_Scenario.00001: CWKTVSKSCase1.CWKTVSKS_RPTFILE_FILE_01.00019: RPTFILE assertion" name="00010: Check for EMP_DTL_HIRE_DD"/>
    <testcase classname="CWKTVSKS_Pipeline.CWKTVSKS_Scenario.00001: CWKTVSKSCase1.CWKTVSKS_RPTFILE_FILE_01.00019: RPTFILE assertion" name="00011: Check for EMP_DTL_SLASH2"/>
    <testcase classname="CWKTVSKS_Pipeline.CWKTVSKS_Scenario.00001: CWKTVSKSCase1.CWKTVSKS_RPTFILE_FILE_01.00019: RPTFILE assertion" name="00012: Check for EMP_DTL_HIRE_YY"/>
    <testcase classname="CWKTVSKS_Pipeline.CWKTVSKS_Scenario.00001: CWKTVSKSCase1.CWKTVSKS_RPTFILE_FILE_01.00019: RPTFILE assertion" name="00013: Check for FILLER4"/>
    <testcase classname="CWKTVSKS_Pipeline.CWKTVSKS_Scenario.00001: CWKTVSKSCase1.CWKTVSKS_RPTFILE_FILE_01.00019: RPTFILE assertion" name="00014: Check for EMP_DTL_YRS_OF_SERVICE"/>
    <testcase classname="CWKTVSKS_Pipeline.CWKTVSKS_Scenario.00001: CWKTVSKSCase1.CWKTVSKS_RPTFILE_FILE_01.00019: RPTFILE assertion" name="00015: Check for FILLER5"/>
    <testcase classname="CWKTVSKS_Pipeline.CWKTVSKS_Scenario.00001: CWKTVSKSCase1.CWKTVSKS_RPTFILE_FILE_01.00019: RPTFILE assertion" name="00016: Check for EMP_DTL_WAGES"/>
    <testcase classname="CWKTVSKS_Pipeline.CWKTVSKS_Scenario.00001: CWKTVSKSCase1.CWKTVSKS_RPTFILE_FILE_01.00019: RPTFILE assertion" name="00017: Check for FILLER6"/>
    <testcase classname="CWKTVSKS_Pipeline.CWKTVSKS_Scenario.00001: CWKTVSKSCase1.CWKTVSKS_RPTFILE_FILE_01.00019: RPTFILE assertion" name="00018: Check for EMP_DTL_OT"/>
    <testcase classname="CWKTVSKS_Pipeline.CWKTVSKS_Scenario.00001: CWKTVSKSCase1.CWKTVSKS_RPTFILE_FILE_01.00019: RPTFILE assertion" name="00019: Check for FILLER7"/>
    <testcase classname="CWKTVSKS_Pipeline.CWKTVSKS_Scenario.00001: CWKTVSKSCase1.CWKTVSKS_RPTFILE_FILE_01.00019: RPTFILE assertion" name="00020: Check for EMP_DTL_COMM"/>
    <testcase classname="CWKTVSKS_Pipeline.CWKTVSKS_Scenario.00001: CWKTVSKSCase1.CWKTVSKS_RPTFILE_FILE_01.00019: RPTFILE assertion" name="00021: Check for FILLER8"/>
    <testcase classname="CWKTVSKS_Pipeline.CWKTVSKS_Scenario.00001: CWKTVSKSCase1.CWKTVSKS_RPTFILE_FILE_01.00019: RPTFILE assertion" name="00022: Check for EMP_DTL_TOTAL"/>
  </testsuite>
  <testsuite errors="0" failures="0" name="CWKTVSKS_Pipeline.CWKTVSKS_Scenario.00001: CWKTVSKSCase1.CWKTVSKS_RPTFILE_FILE_01.00020: RPTFILE assertion" tests="283">
    <testcase classname="CWKTVSKS_Pipeline.CWKTVSKS_Scenario.00001: CWKTVSKSCase1.CWKTVSKS_RPTFILE_FILE_01.00020: RPTFILE assertion" name="00001: Check for FILLER0"/>
    <testcase classname="CWKTVSKS_Pipeline.CWKTVSKS_Scenario.00001: CWKTVSKSCase1.CWKTVSKS_RPTFILE_FILE_01.00020: RPTFILE assertion" name="00002: Check for EMP_DTL_NAME"/>
    <testcase classname="CWKTVSKS_Pipeline.CWKTVSKS_Scenario.00001: CWKTVSKSCase1.CWKTVSKS_RPTFILE_FILE_01.00020: RPTFILE assertion" name="00003: Check for FILLER1"/>
    <testcase classname="CWKTVSKS_Pipeline.CWKTVSKS_Scenario.00001: CWKTVSKSCase1.CWKTVSKS_RPTFILE_FILE_01.00020: RPTFILE assertion" name="00004: Check for EMP_DTL_REGION"/>
    <testcase classname="CWKTVSKS_Pipeline.CWKTVSKS_Scenario.00001: CWKTVSKSCase1.CWKTVSKS_RPTFILE_FILE_01.00020: RPTFILE assertion" name="00005: Check for FILLER2"/>
    <testcase classname="CWKTVSKS_Pipeline.CWKTVSKS_Scenario.00001: CWKTVSKSCase1.CWKTVSKS_RPTFILE_FILE_01.00020: RPTFILE assertion" name="00006: Check for EMP_DTL_TYPE"/>
    <testcase classname="CWKTVSKS_Pipeline.CWKTVSKS_Scenario.00001: CWKTVSKSCase1.CWKTVSKS_RPTFILE_FILE_01.00020: RPTFILE assertion" name="00007: Check for FILLER3"/>
    <testcase classname="CWKTVSKS_Pipeline.CWKTVSKS_Scenario.00001: CWKTVSKSCase1.CWKTVSKS_RPTFILE_FILE_01.00020: RPTFILE assertion" name="00008: Check for EMP_DTL_HIRE_MM"/>
    <testcase classname="CWKTVSKS_Pipeline.CWKTVSKS_Scenario.00001: CWKTVSKSCase1.CWKTVSKS_RPTFILE_FILE_01.00020: RPTFILE assertion" name="00009: Check for EMP_DTL_SLASH1"/>
    <testcase classname="CWKTVSKS_Pipeline.CWKTVSKS_Scenario.00001: CWKTVSKSCase1.CWKTVSKS_RPTFILE_FILE_01.00020: RPTFILE assertion" name="00010: Check for EMP_DTL_HIRE_DD"/>
    <testcase classname="CWKTVSKS_Pipeline.CWKTVSKS_Scenario.00001: CWKTVSKSCase1.CWKTVSKS_RPTFILE_FILE_01.00020: RPTFILE assertion" name="00011: Check for EMP_DTL_SLASH2"/>
    <testcase classname="CWKTVSKS_Pipeline.CWKTVSKS_Scenario.00001: CWKTVSKSCase1.CWKTVSKS_RPTFILE_FILE_01.00020: RPTFILE assertion" name="00012: Check for EMP_DTL_HIRE_YY"/>
    <testcase classname="CWKTVSKS_Pipeline.CWKTVSKS_Scenario.00001: CWKTVSKSCase1.CWKTVSKS_RPTFILE_FILE_01.00020: RPTFILE assertion" name="00013: Check for FILLER4"/>
    <testcase classname="CWKTVSKS_Pipeline.CWKTVSKS_Scenario.00001: CWKTVSKSCase1.CWKTVSKS_RPTFILE_FILE_01.00020: RPTFILE assertion" name="00014: Check for EMP_DTL_YRS_OF_SERVICE"/>
    <testcase classname="CWKTVSKS_Pipeline.CWKTVSKS_Scenario.00001: CWKTVSKSCase1.CWKTVSKS_RPTFILE_FILE_01.00020: RPTFILE assertion" name="00015: Check for FILLER5"/>
    <testcase classname="CWKTVSKS_Pipeline.CWKTVSKS_Scenario.00001: CWKTVSKSCase1.CWKTVSKS_RPTFILE_FILE_01.00020: RPTFILE assertion" name="00016: Check for EMP_DTL_WAGES"/>
    <testcase classname="CWKTVSKS_Pipeline.CWKTVSKS_Scenario.00001: CWKTVSKSCase1.CWKTVSKS_RPTFILE_FILE_01.00020: RPTFILE assertion" name="00017: Check for FILLER6"/>
    <testcase classname="CWKTVSKS_Pipeline.CWKTVSKS_Scenario.00001: CWKTVSKSCase1.CWKTVSKS_RPTFILE_FILE_01.00020: RPTFILE assertion" name="00018: Check for EMP_DTL_OT"/>
    <testcase classname="CWKTVSKS_Pipeline.CWKTVSKS_Scenario.00001: CWKTVSKSCase1.CWKTVSKS_RPTFILE_FILE_01.00020: RPTFILE assertion" name="00019: Check for FILLER7"/>
    <testcase classname="CWKTVSKS_Pipeline.CWKTVSKS_Scenario.00001: CWKTVSKSCase1.CWKTVSKS_RPTFILE_FILE_01.00020: RPTFILE assertion" name="00020: Check for EMP_DTL_COMM"/>
    <testcase classname="CWKTVSKS_Pipeline.CWKTVSKS_Scenario.00001: CWKTVSKSCase1.CWKTVSKS_RPTFILE_FILE_01.00020: RPTFILE assertion" name="00021: Check for FILLER8"/>
    <testcase classname="CWKTVSKS_Pipeline.CWKTVSKS_Scenario.00001: CWKTVSKSCase1.CWKTVSKS_RPTFILE_FILE_01.00020: RPTFILE assertion" name="00022: Check for EMP_DTL_TOTAL"/>
  </testsuite>
  <testsuite errors="0" failures="0" name="CWKTVSKS_Pipeline.CWKTVSKS_Scenario.00001: CWKTVSKSCase1.CWKTVSKS_RPTFILE_FILE_01.00021: RPTFILE assertion" tests="305">
    <testcase classname="CWKTVSKS_Pipeline.CWKTVSKS_Scenario.00001: CWKTVSKSCase1.CWKTVSKS_RPTFILE_FILE_01.00021: RPTFILE assertion" name="00001: Check for FILLER0"/>
    <testcase classname="CWKTVSKS_Pipeline.CWKTVSKS_Scenario.00001: CWKTVSKSCase1.CWKTVSKS_RPTFILE_FILE_01.00021: RPTFILE assertion" name="00002: Check for EMP_DTL_NAME"/>
    <testcase classname="CWKTVSKS_Pipeline.CWKTVSKS_Scenario.00001: CWKTVSKSCase1.CWKTVSKS_RPTFILE_FILE_01.00021: RPTFILE assertion" name="00003: Check for FILLER1"/>
    <testcase classname="CWKTVSKS_Pipeline.CWKTVSKS_Scenario.00001: CWKTVSKSCase1.CWKTVSKS_RPTFILE_FILE_01.00021: RPTFILE assertion" name="00004: Check for EMP_DTL_REGION"/>
    <testcase classname="CWKTVSKS_Pipeline.CWKTVSKS_Scenario.00001: CWKTVSKSCase1.CWKTVSKS_RPTFILE_FILE_01.00021: RPTFILE assertion" name="00005: Check for FILLER2"/>
    <testcase classname="CWKTVSKS_Pipeline.CWKTVSKS_Scenario.00001: CWKTVSKSCase1.CWKTVSKS_RPTFILE_FILE_01.00021: RPTFILE assertion" name="00006: Check for EMP_DTL_TYPE"/>
    <testcase classname="CWKTVSKS_Pipeline.CWKTVSKS_Scenario.00001: CWKTVSKSCase1.CWKTVSKS_RPTFILE_FILE_01.00021: RPTFILE assertion" name="00007: Check for FILLER3"/>
    <testcase classname="CWKTVSKS_Pipeline.CWKTVSKS_Scenario.00001: CWKTVSKSCase1.CWKTVSKS_RPTFILE_FILE_01.00021: RPTFILE assertion" name="00008: Check for EMP_DTL_HIRE_MM"/>
    <testcase classname="CWKTVSKS_Pipeline.CWKTVSKS_Scenario.00001: CWKTVSKSCase1.CWKTVSKS_RPTFILE_FILE_01.00021: RPTFILE assertion" name="00009: Check for EMP_DTL_SLASH1"/>
    <testcase classname="CWKTVSKS_Pipeline.CWKTVSKS_Scenario.00001: CWKTVSKSCase1.CWKTVSKS_RPTFILE_FILE_01.00021: RPTFILE assertion" name="00010: Check for EMP_DTL_HIRE_DD"/>
    <testcase classname="CWKTVSKS_Pipeline.CWKTVSKS_Scenario.00001: CWKTVSKSCase1.CWKTVSKS_RPTFILE_FILE_01.00021: RPTFILE assertion" name="00011: Check for EMP_DTL_SLASH2"/>
    <testcase classname="CWKTVSKS_Pipeline.CWKTVSKS_Scenario.00001: CWKTVSKSCase1.CWKTVSKS_RPTFILE_FILE_01.00021: RPTFILE assertion" name="00012: Check for EMP_DTL_HIRE_YY"/>
    <testcase classname="CWKTVSKS_Pipeline.CWKTVSKS_Scenario.00001: CWKTVSKSCase1.CWKTVSKS_RPTFILE_FILE_01.00021: RPTFILE assertion" name="00013: Check for FILLER4"/>
    <testcase classname="CWKTVSKS_Pipeline.CWKTVSKS_Scenario.00001: CWKTVSKSCase1.CWKTVSKS_RPTFILE_FILE_01.00021: RPTFILE assertion" name="00014: Check for EMP_DTL_YRS_OF_SERVICE"/>
    <testcase classname="CWKTVSKS_Pipeline.CWKTVSKS_Scenario.00001: CWKTVSKSCase1.CWKTVSKS_RPTFILE_FILE_01.00021: RPTFILE assertion" name="00015: Check for FILLER5"/>
    <testcase classname="CWKTVSKS_Pipeline.CWKTVSKS_Scenario.00001: CWKTVSKSCase1.CWKTVSKS_RPTFILE_FILE_01.00021: RPTFILE assertion" name="00016: Check for EMP_DTL_WAGES"/>
    <testcase classname="CWKTVSKS_Pipeline.CWKTVSKS_Scenario.00001: CWKTVSKSCase1.CWKTVSKS_RPTFILE_FILE_01.00021: RPTFILE assertion" name="00017: Check for FILLER6"/>
    <testcase classname="CWKTVSKS_Pipeline.CWKTVSKS_Scenario.00001: CWKTVSKSCase1.CWKTVSKS_RPTFILE_FILE_01.00021: RPTFILE assertion" name="00018: Check for EMP_DTL_OT"/>
    <testcase classname="CWKTVSKS_Pipeline.CWKTVSKS_Scenario.00001: CWKTVSKSCase1.CWKTVSKS_RPTFILE_FILE_01.00021: RPTFILE assertion" name="00019: Check for FILLER7"/>
    <testcase classname="CWKTVSKS_Pipeline.CWKTVSKS_Scenario.00001: CWKTVSKSCase1.CWKTVSKS_RPTFILE_FILE_01.00021: RPTFILE assertion" name="00020: Check for EMP_DTL_COMM"/>
    <testcase classname="CWKTVSKS_Pipeline.CWKTVSKS_Scenario.00001: CWKTVSKSCase1.CWKTVSKS_RPTFILE_FILE_01.00021: RPTFILE assertion" name="00021: Check for FILLER8"/>
    <testcase classname="CWKTVSKS_Pipeline.CWKTVSKS_Scenario.00001: CWKTVSKSCase1.CWKTVSKS_RPTFILE_FILE_01.00021: RPTFILE assertion" name="00022: Check for EMP_DTL_TOTAL"/>
  </testsuite>
  <testsuite errors="0" failures="0" name="CWKTVSKS_Pipeline.CWKTVSKS_Scenario.00001: CWKTVSKSCase1.CWKTVSKS_RPTFILE_FILE_01.00022: RPTFILE assertion" tests="327">
    <testcase classname="CWKTVSKS_Pipeline.CWKTVSKS_Scenario.00001: CWKTVSKSCase1.CWKTVSKS_RPTFILE_FILE_01.00022: RPTFILE assertion" name="00001: Check for FILLER0"/>
    <testcase classname="CWKTVSKS_Pipeline.CWKTVSKS_Scenario.00001: CWKTVSKSCase1.CWKTVSKS_RPTFILE_FILE_01.00022: RPTFILE assertion" name="00002: Check for EMP_DTL_NAME"/>
    <testcase classname="CWKTVSKS_Pipeline.CWKTVSKS_Scenario.00001: CWKTVSKSCase1.CWKTVSKS_RPTFILE_FILE_01.00022: RPTFILE assertion" name="00003: Check for FILLER1"/>
    <testcase classname="CWKTVSKS_Pipeline.CWKTVSKS_Scenario.00001: CWKTVSKSCase1.CWKTVSKS_RPTFILE_FILE_01.00022: RPTFILE assertion" name="00004: Check for EMP_DTL_REGION"/>
    <testcase classname="CWKTVSKS_Pipeline.CWKTVSKS_Scenario.00001: CWKTVSKSCase1.CWKTVSKS_RPTFILE_FILE_01.00022: RPTFILE assertion" name="00005: Check for FILLER2"/>
    <testcase classname="CWKTVSKS_Pipeline.CWKTVSKS_Scenario.00001: CWKTVSKSCase1.CWKTVSKS_RPTFILE_FILE_01.00022: RPTFILE assertion" name="00006: Check for EMP_DTL_TYPE"/>
    <testcase classname="CWKTVSKS_Pipeline.CWKTVSKS_Scenario.00001: CWKTVSKSCase1.CWKTVSKS_RPTFILE_FILE_01.00022: RPTFILE assertion" name="00007: Check for FILLER3"/>
    <testcase classname="CWKTVSKS_Pipeline.CWKTVSKS_Scenario.00001: CWKTVSKSCase1.CWKTVSKS_RPTFILE_FILE_01.00022: RPTFILE assertion" name="00008: Check for EMP_DTL_HIRE_MM"/>
    <testcase classname="CWKTVSKS_Pipeline.CWKTVSKS_Scenario.00001: CWKTVSKSCase1.CWKTVSKS_RPTFILE_FILE_01.00022: RPTFILE assertion" name="00009: Check for EMP_DTL_SLASH1"/>
    <testcase classname="CWKTVSKS_Pipeline.CWKTVSKS_Scenario.00001: CWKTVSKSCase1.CWKTVSKS_RPTFILE_FILE_01.00022: RPTFILE assertion" name="00010: Check for EMP_DTL_HIRE_DD"/>
    <testcase classname="CWKTVSKS_Pipeline.CWKTVSKS_Scenario.00001: CWKTVSKSCase1.CWKTVSKS_RPTFILE_FILE_01.00022: RPTFILE assertion" name="00011: Check for EMP_DTL_SLASH2"/>
    <testcase classname="CWKTVSKS_Pipeline.CWKTVSKS_Scenario.00001: CWKTVSKSCase1.CWKTVSKS_RPTFILE_FILE_01.00022: RPTFILE assertion" name="00012: Check for EMP_DTL_HIRE_YY"/>
    <testcase classname="CWKTVSKS_Pipeline.CWKTVSKS_Scenario.00001: CWKTVSKSCase1.CWKTVSKS_RPTFILE_FILE_01.00022: RPTFILE assertion" name="00013: Check for FILLER4"/>
    <testcase classname="CWKTVSKS_Pipeline.CWKTVSKS_Scenario.00001: CWKTVSKSCase1.CWKTVSKS_RPTFILE_FILE_01.00022: RPTFILE assertion" name="00014: Check for EMP_DTL_YRS_OF_SERVICE"/>
    <testcase classname="CWKTVSKS_Pipeline.CWKTVSKS_Scenario.00001: CWKTVSKSCase1.CWKTVSKS_RPTFILE_FILE_01.00022: RPTFILE assertion" name="00015: Check for FILLER5"/>
    <testcase classname="CWKTVSKS_Pipeline.CWKTVSKS_Scenario.00001: CWKTVSKSCase1.CWKTVSKS_RPTFILE_FILE_01.00022: RPTFILE assertion" name="00016: Check for EMP_DTL_WAGES"/>
    <testcase classname="CWKTVSKS_Pipeline.CWKTVSKS_Scenario.00001: CWKTVSKSCase1.CWKTVSKS_RPTFILE_FILE_01.00022: RPTFILE assertion" name="00017: Check for FILLER6"/>
    <testcase classname="CWKTVSKS_Pipeline.CWKTVSKS_Scenario.00001: CWKTVSKSCase1.CWKTVSKS_RPTFILE_FILE_01.00022: RPTFILE assertion" name="00018: Check for EMP_DTL_OT"/>
    <testcase classname="CWKTVSKS_Pipeline.CWKTVSKS_Scenario.00001: CWKTVSKSCase1.CWKTVSKS_RPTFILE_FILE_01.00022: RPTFILE assertion" name="00019: Check for FILLER7"/>
    <testcase classname="CWKTVSKS_Pipeline.CWKTVSKS_Scenario.00001: CWKTVSKSCase1.CWKTVSKS_RPTFILE_FILE_01.00022: RPTFILE assertion" name="00020: Check for EMP_DTL_COMM"/>
    <testcase classname="CWKTVSKS_Pipeline.CWKTVSKS_Scenario.00001: CWKTVSKSCase1.CWKTVSKS_RPTFILE_FILE_01.00022: RPTFILE assertion" name="00021: Check for FILLER8"/>
    <testcase classname="CWKTVSKS_Pipeline.CWKTVSKS_Scenario.00001: CWKTVSKSCase1.CWKTVSKS_RPTFILE_FILE_01.00022: RPTFILE assertion" name="00022: Check for EMP_DTL_TOTAL"/>
  </testsuite>
  <testsuite errors="0" failures="0" name="CWKTVSKS_Pipeline.CWKTVSKS_Scenario.00001: CWKTVSKSCase1.CWKTVSKS_RPTFILE_FILE_01.00023: RPTFILE assertion" tests="328">
    <testcase classname="CWKTVSKS_Pipeline.CWKTVSKS_Scenario.00001: CWKTVSKSCase1.CWKTVSKS_RPTFILE_FILE_01.00023: RPTFILE assertion" name="00001: Check for BLANK_LINE"/>
  </testsuite>
  <testsuite errors="0" failures="0" name="CWKTVSKS_Pipeline.CWKTVSKS_Scenario.00001: CWKTVSKSCase1.CWKTVSKS_RPTFILE_FILE_01.00024: RPTFILE assertion" tests="332">
    <testcase classname="CWKTVSKS_Pipeline.CWKTVSKS_Scenario.00001: CWKTVSKSCase1.CWKTVSKS_RPTFILE_FILE_01.00024: RPTFILE assertion" name="00001: Check for FILLER0"/>
    <testcase classname="CWKTVSKS_Pipeline.CWKTVSKS_Scenario.00001: CWKTVSKSCase1.CWKTVSKS_RPTFILE_FILE_01.00024: RPTFILE assertion" name="00002: Check for FILLER1"/>
    <testcase classname="CWKTVSKS_Pipeline.CWKTVSKS_Scenario.00001: CWKTVSKSCase1.CWKTVSKS_RPTFILE_FILE_01.00024: RPTFILE assertion" name="00003: Check for FILLER2"/>
    <testcase classname="CWKTVSKS_Pipeline.CWKTVSKS_Scenario.00001: CWKTVSKSCase1.CWKTVSKS_RPTFILE_FILE_01.00024: RPTFILE assertion" name="00004: Check for EMP_GRAND_TOTAL"/>
  </testsuite>
</testsuites>